-------------------------------------------------------------------------------
Test set: starter.CucumberTestSuite
-------------------------------------------------------------------------------
Tests run: 2, Failures: 1, Errors: 0, Skipped: 0, Time elapsed: 22.714 s <<< FAILURE! - in starter.CucumberTestSuite
GET - All User Counselor.Get All Counselor send invalid Endpoint  Time elapsed: 1.452 s  <<< FAILURE!
java.lang.AssertionError: 
1 expectation failed.
Expected status code <404> but was <200>.


