<?xml version="1.0" encoding="UTF-8"?>
<testsuite xmlns:xsi="http://www.w3.org/2001/XMLSchema-instance" xsi:noNamespaceSchemaLocation="https://maven.apache.org/surefire/maven-failsafe-plugin/xsd/failsafe-test-report-3.0.xsd" version="3.0" name="starter.CucumberTestSuite" time="26.783" tests="4" errors="0" skipped="0" failures="0">
  <properties>
[...]
</properties>
  <testcase name="Delete Counselor With Valid Endpoint" classname="DELETE - Delete Counselor" time="10.535">
    <system-out><![CDATA[12:40:29.886 [main] DEBUG net.thucydides.core.guice.Injectors - Created injector for module net.thucydides.core.guice.ThucydidesModule
12:40:30.580 [main] INFO io.cucumber.core.plugin.SerenityReporter - Running feature from file:///D:/2/CobaKolaborasi/CapstoneAPI%20-%20Copy%20-%20Copy/src/test/resources/api/adminCounselor/DeleteCounselor.feature
12:40:30.580 [main] WARN io.cucumber.core.plugin.SerenityReporter - Feature from file:///D:/2/CobaKolaborasi/CapstoneAPI%20-%20Copy%20-%20Copy/src/test/resources/api/adminCounselor/DeleteCounselor.feature is not under the 'features' directory. Requirements report will not be correctly generated!
12:40:30.983 [main] DEBUG net.thucydides.core.guice.Injectors - Created injector for module net.thucydides.core.guice.webdriver.WebDriverModule
12:40:31.043 [main] INFO  - 

-------------------------------------------------------------------------------------
     _______. _______ .______       _______ .__   __.  __  .___________.____    ____ 
    /       ||   ____||   _  \     |   ____||  \ |  | |  | |           |\   \  /   / 
   |   (----`|  |__   |  |_)  |    |  |__   |   \|  | |  | `---|  |----` \   \/   /  
    \   \    |   __|  |      /     |   __|  |  . `  | |  |     |  |       \_    _/   
.----)   |   |  |____ |  |\  \----.|  |____ |  |\   | |  |     |  |         |  |     
|_______/    |_______|| _| `._____||_______||__| \__| |__|     |__|         |__|    
                                                                                     
 News and tutorials at http://www.serenity-bdd.info                                  
 Documentation at https://wakaleo.gitbooks.io/the-serenity-book/content/             
 Join the Serenity Community on Gitter: https://gitter.im/serenity-bdd/serenity-core 
 Serenity BDD Support and Training at http://serenity-bdd.info/#/trainingandsupport  
-------------------------------------------------------------------------------------

12:40:31.050 [main] DEBUG net.thucydides.core.steps.StepEventBus - Test suite started for story net.thucydides.core.model.Story@7a5b4aec
12:40:31.055 [main] INFO  - Test Suite Started: DELETE - Delete Counselor
12:40:31.098 [main] INFO io.cucumber.core.plugin.SerenityReporter - Running feature from file:///D:/2/CobaKolaborasi/CapstoneAPI%20-%20Copy%20-%20Copy/src/test/resources/api/adminCounselor/DeleteSchedule.feature
12:40:31.098 [main] WARN io.cucumber.core.plugin.SerenityReporter - Feature from file:///D:/2/CobaKolaborasi/CapstoneAPI%20-%20Copy%20-%20Copy/src/test/resources/api/adminCounselor/DeleteSchedule.feature is not under the 'features' directory. Requirements report will not be correctly generated!
12:40:31.114 [main] DEBUG net.thucydides.core.steps.StepEventBus - Test suite started for story net.thucydides.core.model.Story@6812ed84
12:40:31.116 [main] INFO  - Test Suite Started: Delete - Delete Schedule
12:40:31.116 [main] INFO io.cucumber.core.plugin.SerenityReporter - Running feature from file:///D:/2/CobaKolaborasi/CapstoneAPI%20-%20Copy%20-%20Copy/src/test/resources/api/userCounselor/GetAllUserCounselor.feature
12:40:31.117 [main] WARN io.cucumber.core.plugin.SerenityReporter - Feature from file:///D:/2/CobaKolaborasi/CapstoneAPI%20-%20Copy%20-%20Copy/src/test/resources/api/userCounselor/GetAllUserCounselor.feature is not under the 'features' directory. Requirements report will not be correctly generated!
12:40:31.129 [main] DEBUG net.thucydides.core.steps.StepEventBus - Test suite started for story net.thucydides.core.model.Story@cbd2437a
12:40:31.130 [main] INFO  - Test Suite Started: GET - All User Counselor
12:40:31.132 [main] INFO io.cucumber.core.plugin.SerenityReporter - Running feature from file:///D:/2/CobaKolaborasi/CapstoneAPI%20-%20Copy%20-%20Copy/src/test/resources/api/adminCounselor/DeleteCounselor.feature
12:40:31.132 [main] WARN io.cucumber.core.plugin.SerenityReporter - Feature from file:///D:/2/CobaKolaborasi/CapstoneAPI%20-%20Copy%20-%20Copy/src/test/resources/api/adminCounselor/DeleteCounselor.feature is not under the 'features' directory. Requirements report will not be correctly generated!
12:40:31.145 [main] DEBUG net.thucydides.core.steps.StepEventBus - Test suite started for story net.thucydides.core.model.Story@7a5b4aec
12:40:31.146 [main] INFO  - Test Suite Started: DELETE - Delete Counselor

@DeleteCounselor @DeleteCounselorValidEndpoint
Scenario: Delete Counselor With Valid Endpoint        &amp#27;[90m# src/test/resources/api/adminCounselor/DeleteCounselor.feature:8&amp#27;[0m
12:40:31.421 [main] INFO io.cucumber.core.plugin.SerenityReporter - Running feature from file:///D:/2/CobaKolaborasi/CapstoneAPI%20-%20Copy%20-%20Copy/src/test/resources/api/adminCounselor/DeleteCounselor.feature
12:40:31.421 [main] WARN io.cucumber.core.plugin.SerenityReporter - Feature from file:///D:/2/CobaKolaborasi/CapstoneAPI%20-%20Copy%20-%20Copy/src/test/resources/api/adminCounselor/DeleteCounselor.feature is not under the 'features' directory. Requirements report will not be correctly generated!
12:40:31.802 [main] INFO  - 
  _____   ___   ___   _____     ___   _____     _     ___   _____   ___   ___  
 |_   _| | __| / __| |_   _|   / __| |_   _|   /_\   | _ \ |_   _| | __| |   \ 
   | |   | _|  \__ \   | |     \__ \   | |    / _ \  |   /   | |   | _|  | |) |
   |_|   |___| |___/   |_|     |___/   |_|   /_/ \_\ |_|_\   |_|   |___| |___/ 

Delete Counselor With Valid Endpoint(delete---delete-counselor;delete-counselor-with-valid-endpoint)
--------------------------------------------------------------------------------
  &amp#27;[32mGiven &amp#27;[0m&amp#27;[32mI set delete counselor valid endpoint&amp#27;[0m         &amp#27;[90m# starter.stepDefinitions.DeleteCounselorSteps.setDeleteCounselorValidEndpoint()&amp#27;[0m
12:40:40.191 [main] DEBUG org.apache.http.impl.conn.BasicClientConnectionManager - Get connection for route {s}->https://13.210.163.192:8080
12:40:40.222 [main] DEBUG org.apache.http.impl.conn.DefaultClientConnectionOperator - Connecting to 13.210.163.192:8080
12:40:40.930 [main] DEBUG org.apache.http.client.protocol.RequestAddCookies - CookieSpec selected: ignoreCookies
12:40:40.933 [main] DEBUG org.apache.http.client.protocol.RequestAuthCache - Auth cache not set in the context
12:40:40.933 [main] DEBUG org.apache.http.client.protocol.RequestProxyAuthentication - Proxy auth state: UNCHALLENGED
12:40:40.935 [main] DEBUG org.apache.http.impl.client.DefaultHttpClient - Attempt 1 to execute request
12:40:40.936 [main] DEBUG org.apache.http.impl.conn.DefaultClientConnection - Sending request: DELETE /admin/counselors/14c3021d-0729-11ee-9214-0242c0a8f003 HTTP/1.1
12:40:40.936 [main] DEBUG org.apache.http.wire -  >> "DELETE /admin/counselors/14c3021d-0729-11ee-9214-0242c0a8f003 HTTP/1.1[\r][\n]"
12:40:40.939 [main] DEBUG org.apache.http.wire -  >> "Authorization: Bearer eyJhbGciOiJIUzI1NiIsInR5cCI6IkpXVCJ9.eyJlbWFpbCI6ImFkbWluQGdtYWlsLmNvbSIsInVzZXJuYW1lIjoiYWRtaW4iLCJleHAiOjE2ODcyNTAyMzl9.dzRfaOSxdJDqts3ttdUjO_r_jtseShyKgm4d37WNjRk[\r][\n]"
12:40:40.940 [main] DEBUG org.apache.http.wire -  >> "Accept: */*[\r][\n]"
12:40:40.940 [main] DEBUG org.apache.http.wire -  >> "Host: 13.210.163.192:8080[\r][\n]"
12:40:40.940 [main] DEBUG org.apache.http.wire -  >> "Connection: Keep-Alive[\r][\n]"
12:40:40.940 [main] DEBUG org.apache.http.wire -  >> "User-Agent: Apache-HttpClient/4.5.13 (Java/11.0.11)[\r][\n]"
12:40:40.941 [main] DEBUG org.apache.http.wire -  >> "Accept-Encoding: gzip,deflate[\r][\n]"
12:40:40.941 [main] DEBUG org.apache.http.wire -  >> "[\r][\n]"
12:40:40.941 [main] DEBUG org.apache.http.headers - >> DELETE /admin/counselors/14c3021d-0729-11ee-9214-0242c0a8f003 HTTP/1.1
12:40:40.941 [main] DEBUG org.apache.http.headers - >> Authorization: Bearer eyJhbGciOiJIUzI1NiIsInR5cCI6IkpXVCJ9.eyJlbWFpbCI6ImFkbWluQGdtYWlsLmNvbSIsInVzZXJuYW1lIjoiYWRtaW4iLCJleHAiOjE2ODcyNTAyMzl9.dzRfaOSxdJDqts3ttdUjO_r_jtseShyKgm4d37WNjRk
12:40:40.941 [main] DEBUG org.apache.http.headers - >> Accept: */*
12:40:40.941 [main] DEBUG org.apache.http.headers - >> Host: 13.210.163.192:8080
12:40:40.941 [main] DEBUG org.apache.http.headers - >> Connection: Keep-Alive
12:40:40.942 [main] DEBUG org.apache.http.headers - >> User-Agent: Apache-HttpClient/4.5.13 (Java/11.0.11)
12:40:40.942 [main] DEBUG org.apache.http.headers - >> Accept-Encoding: gzip,deflate
12:40:41.276 [main] DEBUG org.apache.http.wire -  << "HTTP/1.1 500 Internal Server Error[\r][\n]"
12:40:41.279 [main] DEBUG org.apache.http.wire -  << "Content-Type: application/json; charset=UTF-8[\r][\n]"
12:40:41.279 [main] DEBUG org.apache.http.wire -  << "Vary: Origin[\r][\n]"
12:40:41.280 [main] DEBUG org.apache.http.wire -  << "Date: Mon, 19 Jun 2023 05:40:39 GMT[\r][\n]"
12:40:41.280 [main] DEBUG org.apache.http.wire -  << "Content-Length: 68[\r][\n]"
12:40:41.280 [main] DEBUG org.apache.http.wire -  << "[\r][\n]"
12:40:41.282 [main] DEBUG org.apache.http.impl.conn.DefaultClientConnection - Receiving response: HTTP/1.1 500 Internal Server Error
12:40:41.282 [main] DEBUG org.apache.http.headers - << HTTP/1.1 500 Internal Server Error
12:40:41.282 [main] DEBUG org.apache.http.headers - << Content-Type: application/json; charset=UTF-8
12:40:41.282 [main] DEBUG org.apache.http.headers - << Vary: Origin
12:40:41.282 [main] DEBUG org.apache.http.headers - << Date: Mon, 19 Jun 2023 05:40:39 GMT
12:40:41.282 [main] DEBUG org.apache.http.headers - << Content-Length: 68
12:40:41.292 [main] DEBUG org.apache.http.impl.client.DefaultHttpClient - Connection can be kept alive indefinitely
12:40:41.305 [main] DEBUG io.restassured.internal.RestAssuredHttpBuilder - Parsing response as: application/json; charset=UTF-8
12:40:41.305 [main] DEBUG io.restassured.internal.RestAssuredHttpBuilder - Parsed data to instance of: class org.apache.http.conn.EofSensorInputStream
12:40:41.435 [main] DEBUG org.apache.http.wire -  << "{"meta":{"message":"counselor not found","status":500},"data":null}[\n]"
12:40:41.437 [main] DEBUG org.apache.http.impl.conn.BasicClientConnectionManager - Releasing connection org.apache.http.impl.conn.ManagedClientConnectionImpl@702b656a
12:40:41.438 [main] DEBUG org.apache.http.impl.conn.BasicClientConnectionManager - Connection can be kept alive indefinitely
  &amp#27;[32mWhen &amp#27;[0m&amp#27;[32mI send delete HTTP request with valid endpoint&amp#27;[0m &amp#27;[90m# starter.stepDefinitions.DeleteCounselorSteps.sendDeleteHTTPRequestWithValidEndpoint()&amp#27;[0m
  &amp#27;[32mThen &amp#27;[0m&amp#27;[32mI received valid Delete HTTP response code&amp#27;[0m     &amp#27;[90m# starter.stepDefinitions.DeleteCounselorSteps.receivedValidHTTPResponseCode()&amp#27;[0m
12:40:41.674 [main] INFO  - 
  _____   ___   ___   _____     ___     _     ___   ___   ___   ___  
 |_   _| | __| / __| |_   _|   | _ \   /_\   / __| / __| | __| |   \ 
   | |   | _|  \__ \   | |     |  _/  / _ \  \__ \ \__ \ | _|  | |) |
   |_|   |___| |___/   |_|     |_|   /_/ \_\ |___/ |___/ |___| |___/ 

Delete Counselor With Valid Endpoint
----------------------------------------------------------------------
]]></system-out>
  </testcase>
  <testcase name="Delete Counselor with id" classname="DELETE - Delete Counselor" time="1.153">
    <system-out><![CDATA[
@DeleteCounselor @DeleteCounselorInvalidId
Scenario: Delete Counselor with id                             &amp#27;[90m# src/test/resources/api/adminCounselor/DeleteCounselor.feature:14&amp#27;[0m
12:40:41.727 [main] INFO io.cucumber.core.plugin.SerenityReporter - Running feature from file:///D:/2/CobaKolaborasi/CapstoneAPI%20-%20Copy%20-%20Copy/src/test/resources/api/adminCounselor/DeleteCounselor.feature
12:40:41.727 [main] WARN io.cucumber.core.plugin.SerenityReporter - Feature from file:///D:/2/CobaKolaborasi/CapstoneAPI%20-%20Copy%20-%20Copy/src/test/resources/api/adminCounselor/DeleteCounselor.feature is not under the 'features' directory. Requirements report will not be correctly generated!
12:40:41.736 [main] INFO  - 
  _____   ___   ___   _____     ___   _____     _     ___   _____   ___   ___  
 |_   _| | __| / __| |_   _|   / __| |_   _|   /_\   | _ \ |_   _| | __| |   \ 
   | |   | _|  \__ \   | |     \__ \   | |    / _ \  |   /   | |   | _|  | |) |
   |_|   |___| |___/   |_|     |___/   |_|   /_/ \_\ |_|_\   |_|   |___| |___/ 

Delete Counselor with id(delete---delete-counselor;delete-counselor-with-id)
--------------------------------------------------------------------------------
  &amp#27;[32mGiven &amp#27;[0m&amp#27;[32mI set delete counselor with endpoint and invalid id&amp#27;[0m    &amp#27;[90m# starter.stepDefinitions.DeleteCounselorSteps.setDeleteCounselorWithEndpointAndInvalidId()&amp#27;[0m
12:40:41.863 [main] DEBUG org.apache.http.impl.conn.BasicClientConnectionManager - Get connection for route {s}->https://13.210.163.192:8080
12:40:41.864 [main] DEBUG org.apache.http.impl.conn.DefaultClientConnectionOperator - Connecting to 13.210.163.192:8080
12:40:42.418 [main] DEBUG org.apache.http.client.protocol.RequestAddCookies - CookieSpec selected: ignoreCookies
12:40:42.419 [main] DEBUG org.apache.http.client.protocol.RequestAuthCache - Auth cache not set in the context
12:40:42.419 [main] DEBUG org.apache.http.client.protocol.RequestProxyAuthentication - Proxy auth state: UNCHALLENGED
12:40:42.419 [main] DEBUG org.apache.http.impl.client.DefaultHttpClient - Attempt 1 to execute request
12:40:42.419 [main] DEBUG org.apache.http.impl.conn.DefaultClientConnection - Sending request: DELETE /admin/counselors/89b50e3f-fb86-11ed-a017-5efc22537c1 HTTP/1.1
12:40:42.419 [main] DEBUG org.apache.http.wire -  >> "DELETE /admin/counselors/89b50e3f-fb86-11ed-a017-5efc22537c1 HTTP/1.1[\r][\n]"
12:40:42.420 [main] DEBUG org.apache.http.wire -  >> "Authorization: Bearer eyJhbGciOiJIUzI1NiIsInR5cCI6IkpXVCJ9.eyJlbWFpbCI6ImFkbWluQGdtYWlsLmNvbSIsInVzZXJuYW1lIjoiYWRtaW4iLCJleHAiOjE2ODcyNTAyMzl9.dzRfaOSxdJDqts3ttdUjO_r_jtseShyKgm4d37WNjRk[\r][\n]"
12:40:42.420 [main] DEBUG org.apache.http.wire -  >> "Accept: */*[\r][\n]"
12:40:42.420 [main] DEBUG org.apache.http.wire -  >> "Host: 13.210.163.192:8080[\r][\n]"
12:40:42.420 [main] DEBUG org.apache.http.wire -  >> "Connection: Keep-Alive[\r][\n]"
12:40:42.420 [main] DEBUG org.apache.http.wire -  >> "User-Agent: Apache-HttpClient/4.5.13 (Java/11.0.11)[\r][\n]"
12:40:42.420 [main] DEBUG org.apache.http.wire -  >> "Accept-Encoding: gzip,deflate[\r][\n]"
12:40:42.420 [main] DEBUG org.apache.http.wire -  >> "[\r][\n]"
12:40:42.420 [main] DEBUG org.apache.http.headers - >> DELETE /admin/counselors/89b50e3f-fb86-11ed-a017-5efc22537c1 HTTP/1.1
12:40:42.421 [main] DEBUG org.apache.http.headers - >> Authorization: Bearer eyJhbGciOiJIUzI1NiIsInR5cCI6IkpXVCJ9.eyJlbWFpbCI6ImFkbWluQGdtYWlsLmNvbSIsInVzZXJuYW1lIjoiYWRtaW4iLCJleHAiOjE2ODcyNTAyMzl9.dzRfaOSxdJDqts3ttdUjO_r_jtseShyKgm4d37WNjRk
12:40:42.421 [main] DEBUG org.apache.http.headers - >> Accept: */*
12:40:42.421 [main] DEBUG org.apache.http.headers - >> Host: 13.210.163.192:8080
12:40:42.421 [main] DEBUG org.apache.http.headers - >> Connection: Keep-Alive
12:40:42.421 [main] DEBUG org.apache.http.headers - >> User-Agent: Apache-HttpClient/4.5.13 (Java/11.0.11)
12:40:42.421 [main] DEBUG org.apache.http.headers - >> Accept-Encoding: gzip,deflate
12:40:42.812 [main] DEBUG org.apache.http.wire -  << "HTTP/1.1 400 Bad Request[\r][\n]"
12:40:42.812 [main] DEBUG org.apache.http.wire -  << "Content-Type: application/json; charset=UTF-8[\r][\n]"
12:40:42.812 [main] DEBUG org.apache.http.wire -  << "Vary: Origin[\r][\n]"
12:40:42.812 [main] DEBUG org.apache.http.wire -  << "Date: Mon, 19 Jun 2023 05:40:41 GMT[\r][\n]"
12:40:42.812 [main] DEBUG org.apache.http.wire -  << "Content-Length: 72[\r][\n]"
12:40:42.813 [main] DEBUG org.apache.http.wire -  << "[\r][\n]"
12:40:42.813 [main] DEBUG org.apache.http.impl.conn.DefaultClientConnection - Receiving response: HTTP/1.1 400 Bad Request
12:40:42.813 [main] DEBUG org.apache.http.headers - << HTTP/1.1 400 Bad Request
12:40:42.813 [main] DEBUG org.apache.http.headers - << Content-Type: application/json; charset=UTF-8
12:40:42.813 [main] DEBUG org.apache.http.headers - << Vary: Origin
12:40:42.813 [main] DEBUG org.apache.http.headers - << Date: Mon, 19 Jun 2023 05:40:41 GMT
12:40:42.813 [main] DEBUG org.apache.http.headers - << Content-Length: 72
12:40:42.813 [main] DEBUG org.apache.http.impl.client.DefaultHttpClient - Connection can be kept alive indefinitely
12:40:42.814 [main] DEBUG io.restassured.internal.RestAssuredHttpBuilder - Parsing response as: application/json; charset=UTF-8
12:40:42.814 [main] DEBUG io.restassured.internal.RestAssuredHttpBuilder - Parsed data to instance of: class org.apache.http.conn.EofSensorInputStream
12:40:42.817 [main] DEBUG org.apache.http.wire -  << "{"meta":{"message":"id must be a valid uuid","status":400},"data":null}[\n]"
12:40:42.817 [main] DEBUG org.apache.http.impl.conn.BasicClientConnectionManager - Releasing connection org.apache.http.impl.conn.ManagedClientConnectionImpl@7976e536
12:40:42.818 [main] DEBUG org.apache.http.impl.conn.BasicClientConnectionManager - Connection can be kept alive indefinitely
  &amp#27;[32mWhen &amp#27;[0m&amp#27;[32mI send delete HTTP request with endpoint and invalid id&amp#27;[0m &amp#27;[90m# starter.stepDefinitions.DeleteCounselorSteps.sendDeleteHTTPRequestWithEndpointAndInvalidId()&amp#27;[0m
  &amp#27;[32mThen &amp#27;[0m&amp#27;[32mI received delete HTTP response code 400&amp#27;[0m                &amp#27;[90m# starter.stepDefinitions.DeleteCounselorSteps.receivedDeleteHTTPResponseCode400()&amp#27;[0m
12:40:42.840 [main] INFO  - 
  _____   ___   ___   _____     ___     _     ___   ___   ___   ___  
 |_   _| | __| / __| |_   _|   | _ \   /_\   / __| / __| | __| |   \ 
   | |   | _|  \__ \   | |     |  _/  / _ \  \__ \ \__ \ | _|  | |) |
   |_|   |___| |___/   |_|     |_|   /_/ \_\ |___/ |___/ |___| |___/ 

Delete Counselor with id
----------------------------------------------------------------------
]]></system-out>
  </testcase>
  <testcase name="Delete Counselor With Invalid Endpoint" classname="DELETE - Delete Counselor" time="1.039">
    <system-out><![CDATA[
@DeleteCounselor @DeleteCounselorInvalidEndpoint
Scenario: Delete Counselor With Invalid Endpoint        &amp#27;[90m# src/test/resources/api/adminCounselor/DeleteCounselor.feature:20&amp#27;[0m
12:40:42.870 [main] INFO io.cucumber.core.plugin.SerenityReporter - Running feature from file:///D:/2/CobaKolaborasi/CapstoneAPI%20-%20Copy%20-%20Copy/src/test/resources/api/adminCounselor/DeleteCounselor.feature
12:40:42.870 [main] WARN io.cucumber.core.plugin.SerenityReporter - Feature from file:///D:/2/CobaKolaborasi/CapstoneAPI%20-%20Copy%20-%20Copy/src/test/resources/api/adminCounselor/DeleteCounselor.feature is not under the 'features' directory. Requirements report will not be correctly generated!
12:40:42.880 [main] INFO  - 
  _____   ___   ___   _____     ___   _____     _     ___   _____   ___   ___  
 |_   _| | __| / __| |_   _|   / __| |_   _|   /_\   | _ \ |_   _| | __| |   \ 
   | |   | _|  \__ \   | |     \__ \   | |    / _ \  |   /   | |   | _|  | |) |
   |_|   |___| |___/   |_|     |___/   |_|   /_/ \_\ |_|_\   |_|   |___| |___/ 

Delete Counselor With Invalid Endpoint(delete---delete-counselor;delete-counselor-with-invalid-endpoint)
--------------------------------------------------------------------------------
  &amp#27;[32mGiven &amp#27;[0m&amp#27;[32mI set delete counselor invalid endpoint&amp#27;[0m         &amp#27;[90m# starter.stepDefinitions.DeleteCounselorSteps.setDeleteCounselorInvalidEndpoint()&amp#27;[0m
12:40:42.978 [main] DEBUG org.apache.http.impl.conn.BasicClientConnectionManager - Get connection for route {s}->https://13.210.163.192:8080
12:40:42.978 [main] DEBUG org.apache.http.impl.conn.DefaultClientConnectionOperator - Connecting to 13.210.163.192:8080
12:40:43.542 [main] DEBUG org.apache.http.client.protocol.RequestAddCookies - CookieSpec selected: ignoreCookies
12:40:43.542 [main] DEBUG org.apache.http.client.protocol.RequestAuthCache - Auth cache not set in the context
12:40:43.543 [main] DEBUG org.apache.http.client.protocol.RequestProxyAuthentication - Proxy auth state: UNCHALLENGED
12:40:43.543 [main] DEBUG org.apache.http.impl.client.DefaultHttpClient - Attempt 1 to execute request
12:40:43.543 [main] DEBUG org.apache.http.impl.conn.DefaultClientConnection - Sending request: DELETE /admin/counselor/89b50e3f-fb86-11ed-a017-5efc22537c1 HTTP/1.1
12:40:43.543 [main] DEBUG org.apache.http.wire -  >> "DELETE /admin/counselor/89b50e3f-fb86-11ed-a017-5efc22537c1 HTTP/1.1[\r][\n]"
12:40:43.543 [main] DEBUG org.apache.http.wire -  >> "Authorization: Bearer eyJhbGciOiJIUzI1NiIsInR5cCI6IkpXVCJ9.eyJlbWFpbCI6ImFkbWluQGdtYWlsLmNvbSIsInVzZXJuYW1lIjoiYWRtaW4iLCJleHAiOjE2ODcyNTAyMzl9.dzRfaOSxdJDqts3ttdUjO_r_jtseShyKgm4d37WNjRk[\r][\n]"
12:40:43.544 [main] DEBUG org.apache.http.wire -  >> "Accept: */*[\r][\n]"
12:40:43.544 [main] DEBUG org.apache.http.wire -  >> "Host: 13.210.163.192:8080[\r][\n]"
12:40:43.544 [main] DEBUG org.apache.http.wire -  >> "Connection: Keep-Alive[\r][\n]"
12:40:43.544 [main] DEBUG org.apache.http.wire -  >> "User-Agent: Apache-HttpClient/4.5.13 (Java/11.0.11)[\r][\n]"
12:40:43.544 [main] DEBUG org.apache.http.wire -  >> "Accept-Encoding: gzip,deflate[\r][\n]"
12:40:43.544 [main] DEBUG org.apache.http.wire -  >> "[\r][\n]"
12:40:43.544 [main] DEBUG org.apache.http.headers - >> DELETE /admin/counselor/89b50e3f-fb86-11ed-a017-5efc22537c1 HTTP/1.1
12:40:43.544 [main] DEBUG org.apache.http.headers - >> Authorization: Bearer eyJhbGciOiJIUzI1NiIsInR5cCI6IkpXVCJ9.eyJlbWFpbCI6ImFkbWluQGdtYWlsLmNvbSIsInVzZXJuYW1lIjoiYWRtaW4iLCJleHAiOjE2ODcyNTAyMzl9.dzRfaOSxdJDqts3ttdUjO_r_jtseShyKgm4d37WNjRk
12:40:43.544 [main] DEBUG org.apache.http.headers - >> Accept: */*
12:40:43.545 [main] DEBUG org.apache.http.headers - >> Host: 13.210.163.192:8080
12:40:43.545 [main] DEBUG org.apache.http.headers - >> Connection: Keep-Alive
12:40:43.545 [main] DEBUG org.apache.http.headers - >> User-Agent: Apache-HttpClient/4.5.13 (Java/11.0.11)
12:40:43.545 [main] DEBUG org.apache.http.headers - >> Accept-Encoding: gzip,deflate
12:40:43.857 [main] DEBUG org.apache.http.wire -  << "HTTP/1.1 404 Not Found[\r][\n]"
12:40:43.857 [main] DEBUG org.apache.http.wire -  << "Content-Type: application/json; charset=UTF-8[\r][\n]"
12:40:43.857 [main] DEBUG org.apache.http.wire -  << "Vary: Origin[\r][\n]"
12:40:43.857 [main] DEBUG org.apache.http.wire -  << "Date: Mon, 19 Jun 2023 05:40:42 GMT[\r][\n]"
12:40:43.857 [main] DEBUG org.apache.http.wire -  << "Content-Length: 24[\r][\n]"
12:40:43.858 [main] DEBUG org.apache.http.wire -  << "[\r][\n]"
12:40:43.858 [main] DEBUG org.apache.http.impl.conn.DefaultClientConnection - Receiving response: HTTP/1.1 404 Not Found
12:40:43.858 [main] DEBUG org.apache.http.headers - << HTTP/1.1 404 Not Found
12:40:43.858 [main] DEBUG org.apache.http.headers - << Content-Type: application/json; charset=UTF-8
12:40:43.858 [main] DEBUG org.apache.http.headers - << Vary: Origin
12:40:43.858 [main] DEBUG org.apache.http.headers - << Date: Mon, 19 Jun 2023 05:40:42 GMT
12:40:43.858 [main] DEBUG org.apache.http.headers - << Content-Length: 24
12:40:43.858 [main] DEBUG org.apache.http.impl.client.DefaultHttpClient - Connection can be kept alive indefinitely
12:40:43.859 [main] DEBUG io.restassured.internal.RestAssuredHttpBuilder - Parsing response as: application/json; charset=UTF-8
12:40:43.859 [main] DEBUG io.restassured.internal.RestAssuredHttpBuilder - Parsed data to instance of: class org.apache.http.conn.EofSensorInputStream
12:40:43.862 [main] DEBUG org.apache.http.wire -  << "{"message":"Not Found"}[\n]"
12:40:43.863 [main] DEBUG org.apache.http.impl.conn.BasicClientConnectionManager - Releasing connection org.apache.http.impl.conn.ManagedClientConnectionImpl@5ad40184
12:40:43.863 [main] DEBUG org.apache.http.impl.conn.BasicClientConnectionManager - Connection can be kept alive indefinitely
  &amp#27;[32mWhen &amp#27;[0m&amp#27;[32mI send delete HTTP request with invalid endpoint&amp#27;[0m &amp#27;[90m# starter.stepDefinitions.DeleteCounselorSteps.sendDeleteHTTPRequestWithInvalidEndpoint()&amp#27;[0m
  &amp#27;[32mThen &amp#27;[0m&amp#27;[32mI received delete HTTP response code 404&amp#27;[0m         &amp#27;[90m# starter.stepDefinitions.DeleteCounselorSteps.receivedDeleteHTTPResponseCode404()&amp#27;[0m
12:40:43.883 [main] INFO  - 
  _____   ___   ___   _____     ___     _     ___   ___   ___   ___  
 |_   _| | __| / __| |_   _|   | _ \   /_\   / __| / __| | __| |   \ 
   | |   | _|  \__ \   | |     |  _/  / _ \  \__ \ \__ \ | _|  | |) |
   |_|   |___| |___/   |_|     |_|   /_/ \_\ |___/ |___/ |___| |___/ 

Delete Counselor With Invalid Endpoint
----------------------------------------------------------------------
]]></system-out>
  </testcase>
  <testcase name="Delete Counselor Without Token" classname="DELETE - Delete Counselor" time="1.001">
    <system-out><![CDATA[
@DeleteCounselor @DeleteCounselorWithoutToken
Scenario: Delete Counselor Without Token           &amp#27;[90m# src/test/resources/api/adminCounselor/DeleteCounselor.feature:26&amp#27;[0m
12:40:43.909 [main] INFO io.cucumber.core.plugin.SerenityReporter - Running feature from file:///D:/2/CobaKolaborasi/CapstoneAPI%20-%20Copy%20-%20Copy/src/test/resources/api/adminCounselor/DeleteCounselor.feature
12:40:43.910 [main] WARN io.cucumber.core.plugin.SerenityReporter - Feature from file:///D:/2/CobaKolaborasi/CapstoneAPI%20-%20Copy%20-%20Copy/src/test/resources/api/adminCounselor/DeleteCounselor.feature is not under the 'features' directory. Requirements report will not be correctly generated!
12:40:43.918 [main] INFO  - 
  _____   ___   ___   _____     ___   _____     _     ___   _____   ___   ___  
 |_   _| | __| / __| |_   _|   / __| |_   _|   /_\   | _ \ |_   _| | __| |   \ 
   | |   | _|  \__ \   | |     \__ \   | |    / _ \  |   /   | |   | _|  | |) |
   |_|   |___| |___/   |_|     |___/   |_|   /_/ \_\ |_|_\   |_|   |___| |___/ 

Delete Counselor Without Token(delete---delete-counselor;delete-counselor-without-token)
--------------------------------------------------------------------------------
  &amp#27;[32mGiven &amp#27;[0m&amp#27;[32mI set DELETE counselor with valid endpoint&amp#27;[0m &amp#27;[90m# starter.stepDefinitions.DeleteCounselorSteps.setDeleteCounselorWithValidEndpoint()&amp#27;[0m
12:40:44.006 [main] DEBUG org.apache.http.impl.conn.BasicClientConnectionManager - Get connection for route {s}->https://13.210.163.192:8080
12:40:44.006 [main] DEBUG org.apache.http.impl.conn.DefaultClientConnectionOperator - Connecting to 13.210.163.192:8080
12:40:44.462 [main] DEBUG org.apache.http.client.protocol.RequestAddCookies - CookieSpec selected: ignoreCookies
12:40:44.462 [main] DEBUG org.apache.http.client.protocol.RequestAuthCache - Auth cache not set in the context
12:40:44.462 [main] DEBUG org.apache.http.client.protocol.RequestTargetAuthentication - Target auth state: UNCHALLENGED
12:40:44.462 [main] DEBUG org.apache.http.client.protocol.RequestProxyAuthentication - Proxy auth state: UNCHALLENGED
12:40:44.462 [main] DEBUG org.apache.http.impl.client.DefaultHttpClient - Attempt 1 to execute request
12:40:44.462 [main] DEBUG org.apache.http.impl.conn.DefaultClientConnection - Sending request: DELETE /admin/counselor/89b50e3f-fb86-11ed-a017-5efc22537c1 HTTP/1.1
12:40:44.463 [main] DEBUG org.apache.http.wire -  >> "DELETE /admin/counselor/89b50e3f-fb86-11ed-a017-5efc22537c1 HTTP/1.1[\r][\n]"
12:40:44.463 [main] DEBUG org.apache.http.wire -  >> "Accept: */*[\r][\n]"
12:40:44.463 [main] DEBUG org.apache.http.wire -  >> "Host: 13.210.163.192:8080[\r][\n]"
12:40:44.463 [main] DEBUG org.apache.http.wire -  >> "Connection: Keep-Alive[\r][\n]"
12:40:44.463 [main] DEBUG org.apache.http.wire -  >> "User-Agent: Apache-HttpClient/4.5.13 (Java/11.0.11)[\r][\n]"
12:40:44.463 [main] DEBUG org.apache.http.wire -  >> "Accept-Encoding: gzip,deflate[\r][\n]"
12:40:44.463 [main] DEBUG org.apache.http.wire -  >> "[\r][\n]"
12:40:44.463 [main] DEBUG org.apache.http.headers - >> DELETE /admin/counselor/89b50e3f-fb86-11ed-a017-5efc22537c1 HTTP/1.1
12:40:44.463 [main] DEBUG org.apache.http.headers - >> Accept: */*
12:40:44.464 [main] DEBUG org.apache.http.headers - >> Host: 13.210.163.192:8080
12:40:44.464 [main] DEBUG org.apache.http.headers - >> Connection: Keep-Alive
12:40:44.464 [main] DEBUG org.apache.http.headers - >> User-Agent: Apache-HttpClient/4.5.13 (Java/11.0.11)
12:40:44.464 [main] DEBUG org.apache.http.headers - >> Accept-Encoding: gzip,deflate
12:40:44.860 [main] DEBUG org.apache.http.wire -  << "HTTP/1.1 401 Unauthorized[\r][\n]"
12:40:44.860 [main] DEBUG org.apache.http.wire -  << "Content-Type: application/json; charset=UTF-8[\r][\n]"
12:40:44.860 [main] DEBUG org.apache.http.wire -  << "Vary: Origin[\r][\n]"
12:40:44.860 [main] DEBUG org.apache.http.wire -  << "Date: Mon, 19 Jun 2023 05:40:43 GMT[\r][\n]"
12:40:44.860 [main] DEBUG org.apache.http.wire -  << "Content-Length: 62[\r][\n]"
12:40:44.860 [main] DEBUG org.apache.http.wire -  << "[\r][\n]"
12:40:44.860 [main] DEBUG org.apache.http.impl.conn.DefaultClientConnection - Receiving response: HTTP/1.1 401 Unauthorized
12:40:44.860 [main] DEBUG org.apache.http.headers - << HTTP/1.1 401 Unauthorized
12:40:44.861 [main] DEBUG org.apache.http.headers - << Content-Type: application/json; charset=UTF-8
12:40:44.861 [main] DEBUG org.apache.http.headers - << Vary: Origin
12:40:44.861 [main] DEBUG org.apache.http.headers - << Date: Mon, 19 Jun 2023 05:40:43 GMT
12:40:44.861 [main] DEBUG org.apache.http.headers - << Content-Length: 62
12:40:44.861 [main] DEBUG org.apache.http.impl.client.DefaultHttpClient - Connection can be kept alive indefinitely
12:40:44.861 [main] DEBUG org.apache.http.impl.client.DefaultHttpClient - Authentication required
12:40:44.861 [main] DEBUG org.apache.http.impl.client.DefaultHttpClient - 13.210.163.192:8080 requested authentication
12:40:44.861 [main] DEBUG org.apache.http.impl.client.DefaultHttpClient - Response contains no authentication challenges
12:40:44.862 [main] DEBUG io.restassured.internal.RestAssuredHttpBuilder - Parsing response as: application/json; charset=UTF-8
12:40:44.862 [main] DEBUG io.restassured.internal.RestAssuredHttpBuilder - Parsed data to instance of: class org.apache.http.conn.EofSensorInputStream
12:40:44.866 [main] DEBUG org.apache.http.wire -  << "{"meta":{"message":"invalid token","status":401},"data":null}[\n]"
12:40:44.866 [main] DEBUG org.apache.http.impl.conn.BasicClientConnectionManager - Releasing connection org.apache.http.impl.conn.ManagedClientConnectionImpl@3d98729a
12:40:44.866 [main] DEBUG org.apache.http.impl.conn.BasicClientConnectionManager - Connection can be kept alive indefinitely
  &amp#27;[32mWhen &amp#27;[0m&amp#27;[32mI send DELETE HTTP request without Token&amp#27;[0m    &amp#27;[90m# starter.stepDefinitions.DeleteCounselorSteps.sendDeleteHTTPRequestWithEndpoint()&amp#27;[0m
  &amp#27;[32mThen &amp#27;[0m&amp#27;[32mI received DELETE HTTP response code 401&amp#27;[0m    &amp#27;[90m# starter.stepDefinitions.DeleteCounselorSteps.receivedDeleteHTTPResponseCode401()&amp#27;[0m
12:40:44.886 [main] INFO  - 
  _____   ___   ___   _____     ___     _     ___   ___   ___   ___  
 |_   _| | __| / __| |_   _|   | _ \   /_\   / __| / __| | __| |   \ 
   | |   | _|  \__ \   | |     |  _/  / _ \  \__ \ \__ \ | _|  | |) |
   |_|   |___| |___/   |_|     |_|   /_/ \_\ |___/ |___/ |___| |___/ 

Delete Counselor Without Token
----------------------------------------------------------------------
]]></system-out>
  </testcase>
</testsuite>