<?xml version="1.0" encoding="UTF-8" standalone="no"?><testsuite errors="0" failures="0" name="login" skipped="0" tests="6" time="76.15" timestamp="2023-06-20 02:09:07"><testcase name="As Admin, I Login With Valid Credential"/><testcase name="As a admin i failed login with invalid username"/><testcase name="As a admin i failed login with invalid password"/><testcase name="As a admin i failed login with empty username"/><testcase name="As a admin i failed login with empty password"/><testcase name="As a admin i failed login with empty username and password"/></testsuite>